SF:./lib\presentation\pages\about_page.dart
DA:5,1
DA:9,1
DA:11,1
DA:12,1
DA:13,1
DA:14,1
DA:15,1
DA:16,1
DA:17,1
DA:19,1
DA:20,1
DA:24,1
DA:25,1
DA:28,1
DA:30,1
DA:37,1
DA:38,1
DA:39,0
DA:40,1
LF:19
LH:18
end_of_record
SF:./lib\presentation\pages\home_page.dart
DA:22,1
DA:23,1
DA:24,1
DA:28,1
DA:30,1
DA:31,2
DA:32,1
DA:33,2
DA:34,1
DA:35,1
DA:36,1
DA:37,4
DA:38,4
DA:39,4
DA:44,1
DA:46,1
DA:48,1
DA:49,1
DA:50,1
DA:51,1
DA:52,1
DA:53,1
DA:54,1
DA:55,1
DA:57,1
DA:58,1
DA:59,2
DA:61,1
DA:62,1
DA:63,1
DA:64,0
DA:65,0
DA:68,1
DA:69,1
DA:70,1
DA:71,0
DA:72,0
DA:75,1
DA:76,0
DA:77,0
DA:79,1
DA:80,1
DA:85,1
DA:86,1
DA:87,1
DA:88,1
DA:89,0
DA:90,0
DA:92,1
DA:95,1
DA:97,1
DA:98,2
DA:99,2
DA:103,1
DA:104,1
DA:105,1
DA:106,1
DA:115,1
DA:117,1
DA:119,1
DA:121,1
DA:122,1
DA:123,1
DA:125,1
DA:126,2
DA:127,1
DA:128,1
DA:129,1
DA:130,1
DA:131,2
DA:132,1
DA:133,2
DA:135,1
DA:139,1
DA:141,0
DA:142,0
DA:144,1
DA:145,1
DA:146,1
DA:147,1
DA:148,2
DA:149,1
DA:150,2
DA:152,1
DA:156,1
DA:158,0
DA:159,0
DA:161,1
DA:162,1
DA:163,1
DA:164,1
DA:165,2
DA:166,1
DA:167,2
DA:169,1
DA:181,1
DA:183,1
DA:185,1
DA:187,1
DA:188,1
DA:189,1
DA:191,1
DA:192,2
DA:193,1
DA:194,1
DA:195,2
DA:196,0
DA:197,2
DA:198,2
DA:199,0
DA:200,0
DA:202,0
DA:206,1
DA:208,0
DA:209,0
DA:211,1
DA:212,1
DA:213,2
DA:214,0
DA:215,2
DA:216,2
DA:218,0
DA:222,1
DA:224,0
DA:225,0
DA:227,1
DA:228,1
DA:229,2
DA:230,0
DA:231,2
DA:232,2
DA:234,0
DA:245,1
DA:246,1
DA:248,1
DA:249,2
DA:250,1
DA:252,1
DA:254,1
DA:255,3
DA:266,1
DA:268,1
DA:270,1
DA:272,1
DA:274,1
DA:275,2
DA:276,1
DA:278,1
DA:279,0
DA:280,0
DA:283,0
DA:286,1
DA:287,2
DA:289,3
DA:290,1
DA:291,2
DA:292,1
DA:293,2
DA:294,0
DA:296,0
DA:297,0
DA:298,0
DA:299,0
DA:301,0
DA:309,2
DA:318,1
DA:320,1
DA:322,1
DA:324,1
DA:326,1
DA:327,2
DA:328,1
DA:330,1
DA:331,0
DA:332,0
DA:335,0
DA:338,1
DA:339,2
DA:340,1
DA:341,1
DA:342,2
DA:343,1
DA:344,2
DA:345,0
DA:347,0
DA:348,0
DA:349,0
DA:350,0
DA:352,0
DA:360,2
LF:190
LH:148
end_of_record
SF:./packages/core/lib\core.dart
DA:4,2
LF:1
LH:1
end_of_record
SF:./packages/core/lib\data\datasources\db\database_helper.dart
DA:6,1
DA:10,2
DA:14,1
DA:15,1
DA:21,1
DA:22,1
DA:23,1
DA:25,1
DA:28,1
DA:29,1
DA:34,1
DA:35,1
DA:47,0
DA:48,0
DA:49,0
DA:50,0
DA:54,1
DA:55,1
DA:56,1
DA:59,1
DA:60,1
DA:61,1
DA:64,1
DA:68,1
DA:69,1
DA:70,1
DA:73,1
DA:76,1
DA:77,1
DA:83,1
DA:84,1
DA:85,1
LF:32
LH:28
end_of_record
SF:./packages/movie/lib\data\datasources\movie_remote_data_source.dart
DA:21,1
DA:23,1
DA:25,2
DA:26,1
DA:29,2
DA:30,4
DA:32,1
DA:36,1
DA:38,4
DA:40,2
DA:41,3
DA:43,1
DA:47,1
DA:49,2
DA:50,2
DA:53,2
DA:54,4
DA:56,1
DA:60,1
DA:62,2
DA:63,1
DA:66,2
DA:67,4
DA:69,1
DA:73,1
DA:75,2
DA:76,1
DA:79,2
DA:80,4
DA:82,1
DA:86,0
DA:88,0
DA:89,0
DA:92,0
DA:93,0
DA:95,0
LF:36
LH:30
end_of_record
SF:./packages/movie/lib\data\models\movie_detail_model.dart
DA:6,2
DA:52,1
DA:53,1
DA:54,1
DA:55,1
DA:56,1
DA:57,1
DA:58,4
DA:60,1
DA:61,1
DA:62,1
DA:63,1
DA:64,1
DA:65,1
DA:66,2
DA:67,1
DA:68,1
DA:69,1
DA:70,1
DA:71,1
DA:72,1
DA:73,1
DA:74,1
DA:75,2
DA:76,1
DA:79,0
DA:80,0
DA:81,0
DA:82,0
DA:83,0
DA:84,0
DA:85,0
DA:86,0
DA:87,0
DA:88,0
DA:89,0
DA:90,0
DA:91,0
DA:92,0
DA:93,0
DA:94,0
DA:95,0
DA:96,0
DA:97,0
DA:98,0
DA:99,0
DA:100,0
DA:103,1
DA:104,1
DA:105,1
DA:106,1
DA:107,5
DA:108,1
DA:109,1
DA:110,1
DA:111,1
DA:112,1
DA:113,1
DA:114,1
DA:115,1
DA:116,1
DA:120,1
DA:121,1
DA:122,1
DA:123,1
DA:124,1
DA:125,1
DA:126,1
DA:127,1
DA:128,1
DA:129,1
DA:130,1
DA:131,1
DA:132,1
DA:133,1
DA:134,1
DA:135,1
DA:136,1
DA:137,1
DA:138,1
DA:139,1
DA:140,1
DA:141,1
DA:142,1
LF:84
LH:62
end_of_record
SF:./packages/movie/lib\data\models\movie_response.dart
DA:7,2
DA:9,4
DA:10,2
DA:11,2
DA:12,6
DA:13,6
DA:17,2
DA:18,5
DA:21,1
DA:22,2
LF:10
LH:10
end_of_record
SF:./packages/movie/lib\data\models\movie_model.dart
DA:5,4
DA:35,4
DA:36,2
DA:37,2
DA:38,8
DA:39,2
DA:40,2
DA:41,2
DA:42,4
DA:43,2
DA:44,2
DA:45,2
DA:46,2
DA:47,4
DA:48,2
DA:51,2
DA:52,1
DA:53,1
DA:54,4
DA:55,1
DA:56,1
DA:57,1
DA:58,1
DA:59,1
DA:60,1
DA:61,1
DA:62,1
DA:63,1
DA:64,1
DA:67,2
DA:68,2
DA:69,2
DA:70,2
DA:71,2
DA:72,2
DA:73,2
DA:74,2
DA:75,2
DA:76,2
DA:77,2
DA:78,2
DA:79,2
DA:80,2
DA:81,2
DA:85,2
DA:86,2
DA:87,2
DA:88,2
DA:89,2
DA:90,2
DA:91,2
DA:92,2
DA:93,2
DA:94,2
DA:95,2
DA:96,2
DA:97,2
DA:98,2
DA:99,2
LF:59
LH:59
end_of_record
SF:./packages/movie/lib\domain\entities\movie.dart
DA:4,6
DA:34,2
DA:35,2
DA:36,2
DA:37,2
DA:38,2
DA:39,2
DA:40,2
DA:41,2
DA:42,2
DA:43,2
DA:44,2
DA:45,2
DA:46,2
DA:47,2
DA:48,2
LF:16
LH:16
end_of_record
SF:./packages/movie/lib\domain\entities\movie_detail.dart
DA:6,4
DA:34,1
DA:35,1
DA:36,1
DA:37,1
DA:38,1
DA:39,1
DA:44,1
DA:45,1
DA:46,1
DA:47,1
DA:48,1
DA:49,1
DA:50,1
DA:51,1
DA:52,1
DA:53,1
DA:54,1
DA:55,1
DA:56,1
LF:20
LH:20
end_of_record
SF:./packages/movie/lib\domain\usecases\get_movie_detail.dart
DA:9,1
DA:11,1
DA:12,2
LF:3
LH:3
end_of_record
SF:./packages/movie/lib\domain\usecases\get_movie_recommendations.dart
DA:9,1
DA:11,1
DA:12,2
LF:3
LH:3
end_of_record
SF:./packages/movie/lib\domain\usecases\get_now_playing_movies.dart
DA:9,1
DA:11,1
DA:12,2
LF:3
LH:3
end_of_record
SF:./packages/movie/lib\domain\usecases\get_popular_movies.dart
DA:9,1
DA:11,1
DA:12,2
LF:3
LH:3
end_of_record
SF:./packages/movie/lib\domain\usecases\get_top_rated_movies.dart
DA:9,1
DA:11,1
DA:12,2
LF:3
LH:3
end_of_record
SF:./packages/movie/lib\presentation\provider\movie_detail_notifier.dart
DA:13,1
DA:19,2
DA:22,2
DA:25,2
DA:28,2
DA:31,2
DA:33,1
DA:34,1
DA:35,1
DA:36,2
DA:37,2
DA:38,1
DA:39,1
DA:40,1
DA:41,2
DA:42,1
DA:44,1
DA:45,1
DA:46,1
DA:47,1
DA:48,1
DA:49,1
DA:50,1
DA:51,2
DA:53,1
DA:54,1
DA:55,1
DA:58,1
DA:59,1
DA:65,0
LF:30
LH:29
end_of_record
SF:./packages/movie/lib\presentation\provider\popular_movies_notifier.dart
DA:9,1
DA:12,2
DA:15,2
DA:18,2
DA:20,1
DA:21,1
DA:22,1
DA:24,2
DA:26,1
DA:27,1
DA:28,2
DA:29,1
DA:30,1
DA:32,1
DA:33,1
DA:34,1
DA:35,1
LF:17
LH:17
end_of_record
SF:./packages/movie/lib\presentation\provider\top_rated_movies_notifier.dart
DA:9,1
DA:12,2
DA:15,2
DA:18,2
DA:20,1
DA:21,1
DA:22,1
DA:24,2
DA:26,1
DA:27,1
DA:28,2
DA:29,1
DA:30,1
DA:32,1
DA:33,1
DA:34,1
DA:35,1
LF:17
LH:17
end_of_record
SF:./packages/movie/lib\data\models\genre_model.dart
DA:5,2
DA:10,1
DA:11,3
DA:13,0
DA:15,1
DA:16,3
DA:19,1
DA:20,3
LF:8
LH:7
end_of_record
SF:./packages/movie/lib\domain\entities\genre.dart
DA:4,4
DA:9,1
DA:10,3
LF:3
LH:3
end_of_record
SF:./packages/movie/lib\data\repositories\movie_repository_impl.dart
DA:14,1
DA:16,1
DA:19,2
DA:20,5
DA:21,1
DA:22,2
DA:23,1
DA:24,2
DA:28,1
DA:31,2
DA:32,2
DA:33,1
DA:34,2
DA:35,1
DA:36,2
DA:40,1
DA:43,2
DA:44,3
DA:45,1
DA:46,2
DA:47,1
DA:48,2
DA:52,1
DA:55,2
DA:56,5
DA:57,1
DA:58,2
DA:59,1
DA:60,2
DA:64,1
DA:67,2
DA:68,5
DA:69,1
DA:70,2
DA:71,1
DA:72,2
DA:76,1
DA:79,2
DA:80,5
DA:81,1
DA:82,2
DA:83,1
DA:84,2
LF:43
LH:43
end_of_record
SF:./packages/movie/lib\movie.dart
DA:4,2
LF:1
LH:1
end_of_record
SF:./packages/movie/lib\presentation\pages\movie_detail_page.dart
DA:17,1
DA:19,1
DA:20,1
DA:24,1
DA:26,1
DA:27,2
DA:28,1
DA:29,1
DA:30,1
DA:32,3
DA:33,1
DA:34,1
DA:36,3
DA:41,1
DA:43,1
DA:44,1
DA:45,1
DA:46,2
DA:47,2
DA:48,2
DA:49,1
DA:50,1
DA:51,1
DA:52,1
DA:53,1
DA:54,1
DA:56,1
DA:63,2
DA:76,1
DA:83,1
DA:85,3
DA:86,1
DA:87,1
DA:88,3
DA:89,1
DA:90,3
DA:93,1
DA:94,2
DA:95,0
DA:97,0
DA:98,0
DA:99,0
DA:100,0
DA:102,0
DA:106,1
DA:108,1
DA:109,1
DA:110,1
DA:111,1
DA:113,2
DA:116,1
DA:117,1
DA:118,1
DA:120,1
DA:122,1
DA:124,1
DA:125,4
DA:126,1
DA:127,1
DA:129,1
DA:133,1
DA:137,1
DA:138,2
DA:139,1
DA:143,0
DA:144,0
DA:150,1
DA:153,1
DA:154,1
DA:157,1
DA:160,1
DA:161,2
DA:164,1
DA:166,1
DA:167,1
DA:168,1
DA:175,1
DA:177,1
DA:178,1
DA:179,1
DA:180,1
DA:181,1
DA:185,4
DA:186,4
DA:187,1
DA:188,1
DA:189,1
DA:190,3
DA:192,1
DA:193,1
DA:196,4
DA:199,1
DA:200,2
DA:201,3
DA:202,1
DA:203,2
DA:204,1
DA:205,1
DA:206,2
DA:208,0
DA:209,0
DA:211,2
DA:213,0
DA:214,2
DA:216,1
DA:218,1
DA:220,0
DA:221,0
DA:222,0
DA:224,0
DA:225,0
DA:226,0
DA:229,0
DA:232,0
DA:233,0
DA:234,0
DA:237,0
DA:239,0
DA:240,0
DA:241,0
DA:243,0
DA:245,0
DA:248,0
DA:250,0
DA:253,0
DA:258,0
DA:260,0
DA:261,0
DA:262,0
DA:263,0
DA:267,0
DA:275,2
DA:279,0
DA:287,1
DA:289,1
DA:304,1
DA:306,1
DA:309,1
DA:310,1
DA:311,0
DA:312,0
DA:321,1
DA:322,5
DA:325,1
DA:326,1
DA:327,1
DA:329,1
DA:330,1
DA:332,0
LF:149
LH:109
end_of_record
SF:./packages/movie/lib\presentation\pages\popular_movies_page.dart
DA:10,1
DA:12,1
DA:13,1
DA:17,1
DA:19,1
DA:20,2
DA:21,1
DA:22,1
DA:23,1
DA:25,1
DA:30,1
DA:32,1
DA:33,2
DA:34,1
DA:36,1
DA:37,1
DA:38,2
DA:39,2
DA:40,2
DA:41,1
DA:42,0
DA:43,0
DA:44,0
DA:46,2
DA:49,1
DA:50,1
DA:51,2
LF:27
LH:24
end_of_record
SF:./packages/movie/lib\presentation\widgets\movie_card_list.dart
DA:10,0
DA:12,0
DA:14,0
DA:16,0
DA:17,0
DA:18,0
DA:21,0
DA:24,0
DA:26,0
DA:27,0
DA:28,0
DA:34,0
DA:36,0
DA:37,0
DA:38,0
DA:41,0
DA:43,0
DA:44,0
DA:45,0
DA:53,0
DA:55,0
DA:56,0
DA:58,0
DA:59,0
DA:60,0
DA:62,0
DA:63,0
DA:64,0
DA:66,0
DA:67,0
DA:68,0
DA:69,0
DA:71,0
LF:33
LH:0
end_of_record
SF:./packages/movie/lib\presentation\pages\top_rated_movies_page.dart
DA:10,1
DA:12,1
DA:13,1
DA:17,1
DA:19,1
DA:20,2
DA:21,1
DA:22,1
DA:23,1
DA:25,1
DA:30,1
DA:32,1
DA:33,2
DA:34,1
DA:36,1
DA:37,1
DA:38,2
DA:39,2
DA:40,2
DA:41,1
DA:42,0
DA:43,0
DA:44,0
DA:46,2
DA:49,1
DA:50,1
DA:51,2
LF:27
LH:24
end_of_record
SF:./packages/movie/lib\presentation\provider\movie_list_notifier.dart
DA:10,2
DA:13,2
DA:16,2
DA:19,2
DA:22,2
DA:25,2
DA:28,2
DA:30,1
DA:40,1
DA:41,1
DA:42,1
DA:44,2
DA:45,1
DA:46,1
DA:47,1
DA:48,2
DA:49,1
DA:51,1
DA:52,1
DA:53,1
DA:54,1
DA:59,1
DA:60,1
DA:61,1
DA:63,2
DA:64,1
DA:65,1
DA:66,1
DA:67,2
DA:68,1
DA:70,1
DA:71,1
DA:72,1
DA:73,1
DA:78,1
DA:79,1
DA:80,1
DA:82,2
DA:83,1
DA:84,1
DA:85,1
DA:86,2
DA:87,1
DA:89,1
DA:90,1
DA:91,1
DA:92,1
LF:47
LH:47
end_of_record
SF:./packages/search/lib\data\datasources\search_remote_data_source.dart
DA:15,1
DA:17,1
DA:19,2
DA:20,2
DA:23,2
DA:24,4
DA:26,1
LF:7
LH:7
end_of_record
SF:./packages/search/lib\data\models\media_response.dart
DA:7,1
DA:9,2
DA:10,1
DA:11,1
DA:12,3
DA:13,1
DA:14,1
DA:15,4
DA:20,0
DA:21,0
DA:24,0
DA:25,0
LF:12
LH:8
end_of_record
SF:./packages/search/lib\data\models\media_model.dart
DA:11,2
DA:19,2
DA:20,1
DA:21,3
DA:22,1
DA:23,1
DA:24,1
DA:27,0
DA:28,0
DA:29,0
DA:30,0
DA:31,0
DA:32,0
DA:35,1
DA:36,1
DA:37,1
DA:38,1
DA:39,1
DA:40,1
DA:41,1
DA:45,1
DA:46,6
LF:22
LH:16
end_of_record
SF:./packages/search/lib\domain\entities\media.dart
DA:4,4
DA:18,2
DA:19,12
LF:3
LH:3
end_of_record
SF:./packages/search/lib\domain\usecases\search_multi.dart
DA:9,0
DA:11,0
DA:12,0
LF:3
LH:0
end_of_record
SF:./packages/search/lib\presentation\bloc\search\search_bloc.dart
DA:13,3
DA:14,2
DA:15,1
DA:17,2
DA:18,2
DA:20,1
DA:21,1
DA:22,3
DA:24,1
DA:25,2
DA:28,1
DA:31,1
DA:32,3
LF:13
LH:13
end_of_record
SF:./packages/search/lib\presentation\bloc\search\search_state.dart
DA:4,2
DA:6,1
DA:7,1
DA:17,2
DA:19,1
DA:20,2
DA:26,2
DA:28,1
DA:29,2
LF:9
LH:9
end_of_record
SF:./packages/search/lib\presentation\bloc\search\search_event.dart
DA:4,2
DA:6,0
DA:7,0
DA:13,2
DA:15,1
DA:16,2
LF:6
LH:4
end_of_record
SF:./packages/search/lib\data\repositories\search_repository_impl.dart
DA:13,1
DA:15,1
DA:18,2
DA:19,5
DA:20,1
DA:21,2
DA:22,1
DA:23,2
LF:8
LH:8
end_of_record
SF:./packages/search/lib\search.dart
DA:4,2
LF:1
LH:1
end_of_record
SF:./packages/search/lib\presentation\pages\search_page.dart
DA:10,1
DA:12,1
DA:14,1
DA:15,2
DA:16,1
DA:18,1
DA:20,1
DA:21,1
DA:22,1
DA:23,3
DA:25,1
DA:27,1
DA:28,1
DA:32,1
DA:33,2
DA:34,1
DA:35,1
DA:36,1
DA:37,2
DA:38,1
DA:39,1
DA:40,1
DA:41,0
DA:43,1
DA:44,1
DA:46,1
DA:47,1
DA:48,1
DA:50,1
DA:53,1
DA:54,4
DA:56,1
DA:57,2
LF:33
LH:32
end_of_record
SF:./packages/search/lib\presentation\widgets\media_card_list.dart
DA:11,2
DA:13,2
DA:15,2
DA:17,2
DA:18,1
DA:19,3
DA:20,1
DA:23,2
DA:25,3
DA:26,1
DA:29,2
DA:33,2
DA:35,2
DA:36,2
DA:37,2
DA:43,2
DA:45,2
DA:46,2
DA:47,4
DA:50,2
DA:52,2
DA:53,2
DA:54,4
DA:62,2
DA:64,2
DA:65,4
DA:66,10
DA:67,2
DA:68,6
DA:70,2
DA:71,4
DA:72,0
DA:74,0
DA:75,0
DA:77,0
DA:78,0
DA:80,0
LF:37
LH:31
end_of_record
SF:./packages/tv/lib\data\datasources\tv_remote_data_source.dart
DA:21,1
DA:23,1
DA:25,2
DA:26,1
DA:29,2
DA:30,4
DA:32,1
DA:36,1
DA:38,4
DA:40,2
DA:41,3
DA:43,1
DA:47,1
DA:49,2
DA:50,2
DA:53,2
DA:54,4
DA:56,1
DA:60,1
DA:62,3
DA:64,2
DA:65,4
DA:67,1
DA:71,1
DA:73,2
DA:74,1
DA:77,2
DA:78,4
DA:80,1
DA:84,0
DA:86,0
DA:87,0
DA:90,0
DA:91,0
DA:93,0
LF:35
LH:29
end_of_record
SF:./packages/tv/lib\data\models\tv_detail_model.dart
DA:7,2
DA:47,1
DA:48,1
DA:49,1
DA:50,1
DA:51,1
DA:52,4
DA:54,1
DA:55,1
DA:56,1
DA:57,1
DA:58,1
DA:59,1
DA:60,1
DA:61,2
DA:62,1
DA:63,1
DA:64,1
DA:65,1
DA:66,2
DA:67,1
DA:68,1
DA:69,0
DA:70,1
DA:71,4
DA:75,0
DA:76,0
DA:77,0
DA:78,0
DA:79,0
DA:80,0
DA:81,0
DA:82,0
DA:83,0
DA:84,0
DA:85,0
DA:86,0
DA:87,0
DA:88,0
DA:89,0
DA:90,0
DA:91,0
DA:92,0
DA:93,0
DA:94,0
DA:97,1
DA:98,1
DA:99,1
DA:100,1
DA:101,5
DA:102,1
DA:103,1
DA:104,1
DA:105,1
DA:106,1
DA:107,1
DA:108,1
DA:109,1
DA:110,1
DA:111,5
DA:115,1
DA:116,1
DA:117,1
DA:118,1
DA:119,1
DA:120,1
DA:121,1
DA:122,1
DA:123,1
DA:124,1
DA:125,1
DA:126,1
DA:127,1
DA:128,1
DA:129,1
DA:130,1
DA:131,1
DA:132,1
DA:133,1
DA:134,1
LF:80
LH:59
end_of_record
SF:./packages/tv/lib\data\models\tv_response.dart
DA:7,1
DA:9,2
DA:10,1
DA:11,1
DA:12,3
DA:13,3
DA:17,0
DA:18,0
DA:21,0
DA:22,0
LF:10
LH:6
end_of_record
SF:./packages/tv/lib\data\models\tv_model.dart
DA:5,2
DA:33,2
DA:34,1
DA:35,1
DA:36,1
DA:37,0
DA:38,4
DA:39,1
DA:40,1
DA:41,1
DA:42,2
DA:43,1
DA:44,1
DA:45,1
DA:46,2
DA:47,1
DA:50,0
DA:51,0
DA:52,0
DA:53,0
DA:54,0
DA:55,0
DA:56,0
DA:57,0
DA:58,0
DA:59,0
DA:60,0
DA:61,0
DA:62,0
DA:65,1
DA:66,1
DA:67,1
DA:68,1
DA:69,1
DA:70,1
DA:71,1
DA:72,1
DA:73,1
DA:74,1
DA:75,1
DA:76,1
DA:77,1
DA:78,1
DA:82,1
DA:83,1
DA:84,1
DA:85,1
DA:86,1
DA:87,1
DA:88,1
DA:89,1
DA:90,1
DA:91,1
DA:92,1
DA:93,1
DA:94,1
DA:95,1
LF:57
LH:43
end_of_record
SF:./packages/tv/lib\domain\entities\tv.dart
DA:4,7
DA:32,5
DA:33,5
DA:34,5
DA:35,5
DA:36,5
DA:37,5
DA:38,5
DA:39,5
DA:40,5
DA:41,5
DA:42,5
DA:43,5
DA:44,5
DA:45,5
LF:15
LH:15
end_of_record
SF:./packages/tv/lib\domain\entities\tv_detail.dart
DA:9,9
DA:39,1
DA:40,1
DA:41,1
DA:42,1
DA:43,1
DA:44,1
DA:49,2
DA:50,2
DA:51,2
DA:52,2
DA:53,2
DA:54,2
DA:55,2
DA:56,2
DA:57,2
DA:58,2
DA:59,2
DA:60,2
DA:61,2
DA:62,2
DA:63,2
LF:22
LH:22
end_of_record
SF:./packages/tv/lib\domain\usecases\get_on_the_air_tvs.dart
DA:10,1
DA:12,1
DA:13,2
LF:3
LH:3
end_of_record
SF:./packages/tv/lib\domain\usecases\get_popular_tvs.dart
DA:9,1
DA:11,1
DA:12,2
LF:3
LH:3
end_of_record
SF:./packages/tv/lib\domain\usecases\get_top_rated_tvs.dart
DA:9,1
DA:11,1
DA:12,2
LF:3
LH:3
end_of_record
SF:./packages/tv/lib\domain\usecases\get_tv_detail.dart
DA:9,1
DA:11,1
DA:12,2
LF:3
LH:3
end_of_record
SF:./packages/tv/lib\domain\usecases\get_tv_recommendations.dart
DA:9,0
DA:11,0
DA:12,0
LF:3
LH:0
end_of_record
SF:./packages/tv/lib\presentation\bloc\popular_tvs\popular_tvs_bloc.dart
DA:12,3
DA:13,2
DA:14,2
DA:15,2
DA:17,1
DA:18,1
DA:19,3
DA:21,1
DA:22,2
LF:9
LH:9
end_of_record
SF:./packages/tv/lib\presentation\bloc\popular_tvs\popular_tvs_state.dart
DA:4,4
DA:6,1
DA:7,1
DA:17,2
DA:19,1
DA:20,2
DA:26,3
DA:28,1
DA:29,2
LF:9
LH:9
end_of_record
SF:./packages/tv/lib\presentation\bloc\popular_tvs\popular_tvs_event.dart
DA:4,2
DA:6,0
DA:7,0
LF:3
LH:1
end_of_record
SF:./packages/tv/lib\presentation\bloc\top_rated_tvs\top_rated_tvs_state.dart
DA:4,4
DA:6,1
DA:7,1
DA:17,2
DA:19,1
DA:20,2
DA:26,3
DA:28,1
DA:29,2
LF:9
LH:9
end_of_record
SF:./packages/tv/lib\presentation\bloc\top_rated_tvs\top_rated_tvs_event.dart
DA:4,2
DA:6,0
DA:7,0
LF:3
LH:1
end_of_record
SF:./packages/tv/lib\presentation\bloc\top_rated_tvs\top_rated_tvs_bloc.dart
DA:12,3
DA:13,2
DA:14,2
DA:15,2
DA:17,1
DA:18,1
DA:19,3
DA:21,1
DA:22,2
LF:9
LH:9
end_of_record
SF:./packages/tv/lib\presentation\bloc\tv_detail\tv_detail_state.dart
DA:12,17
DA:22,1
DA:31,1
DA:32,1
DA:33,1
DA:34,1
DA:35,1
DA:36,1
DA:37,1
DA:38,1
DA:42,1
DA:43,1
DA:44,1
DA:45,1
DA:46,1
DA:47,1
DA:48,1
DA:49,1
DA:50,1
LF:19
LH:19
end_of_record
SF:./packages/tv/lib\presentation\bloc\tv_detail\tv_detail_event.dart
DA:4,3
DA:6,0
DA:7,0
DA:12,2
DA:14,0
DA:15,0
DA:20,2
DA:22,0
DA:23,0
DA:28,1
DA:30,0
DA:31,0
LF:12
LH:4
end_of_record
SF:./packages/tv/lib\presentation\bloc\tv_detail\tv_detail_bloc.dart
DA:24,1
DA:30,1
DA:31,2
DA:32,2
DA:33,2
DA:36,1
DA:40,3
DA:41,3
DA:42,3
DA:43,3
DA:45,1
DA:46,2
DA:47,3
DA:49,1
DA:50,1
DA:51,2
DA:57,1
DA:58,0
DA:59,0
DA:61,0
DA:64,2
DA:65,2
DA:76,1
DA:80,4
DA:81,1
DA:82,5
DA:83,1
DA:84,3
DA:86,4
DA:87,3
DA:90,1
DA:94,4
DA:95,1
DA:96,0
DA:97,1
DA:98,3
DA:100,4
DA:101,3
LF:38
LH:34
end_of_record
SF:./packages/tv/lib\presentation\bloc\tv_list\tv_list_bloc.dart
DA:17,1
DA:18,1
DA:19,2
DA:20,3
DA:21,2
DA:22,1
DA:23,2
DA:24,2
DA:26,1
DA:29,2
DA:30,2
DA:35,2
DA:36,3
DA:37,2
DA:38,1
DA:39,2
DA:40,2
DA:42,1
DA:45,2
DA:46,2
DA:54,2
DA:55,3
DA:56,2
DA:57,1
DA:58,2
DA:59,2
DA:61,1
DA:64,2
DA:65,2
LF:29
LH:29
end_of_record
SF:./packages/tv/lib\presentation\bloc\tv_list\tv_list_event.dart
DA:4,1
DA:6,0
DA:7,0
LF:3
LH:1
end_of_record
SF:./packages/tv/lib\presentation\bloc\tv_list\tv_list_state.dart
DA:12,15
DA:22,1
DA:31,1
DA:32,1
DA:33,1
DA:34,1
DA:35,1
DA:36,1
DA:37,1
DA:38,1
DA:42,1
DA:43,1
DA:44,1
DA:45,1
DA:46,1
DA:47,1
DA:48,1
DA:49,1
DA:50,1
LF:19
LH:19
end_of_record
SF:./packages/tv/lib\data\models\season_model.dart
DA:5,2
DA:25,2
DA:26,1
DA:27,1
DA:28,1
DA:29,1
DA:30,1
DA:31,1
DA:32,1
DA:33,1
DA:36,0
DA:37,0
DA:38,0
DA:39,0
DA:40,0
DA:41,0
DA:42,0
DA:43,0
DA:44,0
DA:47,1
DA:48,1
DA:49,1
DA:50,1
DA:51,1
DA:52,1
DA:53,1
DA:54,1
DA:55,1
DA:56,1
DA:60,1
DA:61,1
DA:62,1
DA:63,1
DA:64,1
DA:65,1
DA:66,1
DA:67,1
DA:68,1
DA:69,1
LF:39
LH:30
end_of_record
SF:./packages/tv/lib\domain\entities\season.dart
DA:4,9
DA:24,2
DA:25,2
DA:26,2
DA:27,2
DA:28,2
DA:29,2
DA:30,2
DA:31,2
DA:32,2
DA:33,2
LF:11
LH:11
end_of_record
SF:./packages/tv/lib\data\repositories\tv_repository_impl.dart
DA:14,1
DA:16,1
DA:19,2
DA:20,5
DA:21,1
DA:22,2
DA:23,1
DA:24,2
DA:28,1
DA:31,2
DA:32,2
DA:33,1
DA:34,2
DA:35,1
DA:36,2
DA:40,1
DA:43,2
DA:44,3
DA:45,1
DA:46,2
DA:47,1
DA:48,2
DA:52,1
DA:55,2
DA:56,5
DA:57,1
DA:58,2
DA:59,1
DA:60,2
DA:64,1
DA:67,2
DA:68,5
DA:69,1
DA:70,2
DA:71,1
DA:72,2
DA:76,1
DA:79,2
DA:80,5
DA:81,1
DA:82,2
DA:83,1
DA:84,2
LF:43
LH:43
end_of_record
SF:./packages/tv/lib\presentation\pages\popular_tvs_page.dart
DA:9,1
DA:11,1
DA:12,1
DA:16,1
DA:18,1
DA:20,2
DA:21,1
DA:22,4
DA:27,1
DA:29,1
DA:30,2
DA:31,1
DA:33,1
DA:34,1
DA:35,1
DA:36,2
DA:37,1
DA:38,1
DA:39,1
DA:40,2
DA:41,1
DA:43,2
DA:45,1
DA:46,1
DA:47,1
DA:48,2
DA:51,0
LF:27
LH:26
end_of_record
SF:./packages/tv/lib\presentation\widgets\tv_card_list.dart
DA:10,2
DA:12,2
DA:14,2
DA:16,2
DA:17,0
DA:18,0
DA:21,0
DA:24,2
DA:26,2
DA:27,2
DA:28,2
DA:34,2
DA:36,2
DA:37,2
DA:38,4
DA:41,2
DA:43,2
DA:44,2
DA:45,4
DA:53,2
DA:55,2
DA:56,4
DA:57,10
DA:58,2
DA:59,6
DA:61,2
DA:62,4
DA:63,0
DA:65,0
DA:66,0
DA:67,0
DA:68,0
DA:70,0
LF:33
LH:24
end_of_record
SF:./packages/tv/lib\presentation\pages\tv_detail_page.dart
DA:16,1
DA:18,1
DA:19,1
DA:23,1
DA:25,1
DA:26,2
DA:27,1
DA:28,6
DA:33,1
DA:35,1
DA:36,1
DA:37,1
DA:38,2
DA:39,1
DA:41,4
DA:44,1
DA:45,2
DA:46,2
DA:47,3
DA:48,1
DA:49,1
DA:50,1
DA:51,1
DA:52,1
DA:55,2
DA:56,2
DA:58,0
DA:71,1
DA:78,1
DA:80,3
DA:81,1
DA:82,1
DA:83,3
DA:84,1
DA:85,3
DA:87,1
DA:88,2
DA:89,0
DA:91,0
DA:92,0
DA:93,0
DA:94,0
DA:96,0
DA:100,1
DA:102,1
DA:103,1
DA:104,1
DA:105,1
DA:107,2
DA:110,1
DA:111,1
DA:112,1
DA:114,1
DA:116,1
DA:117,1
DA:118,1
DA:119,1
DA:322,1
DA:324,1
DA:339,1
DA:341,1
DA:344,1
DA:345,1
DA:346,0
DA:347,0
DA:356,1
DA:357,1
DA:358,1
DA:360,1
DA:361,4
DA:362,1
DA:363,1
DA:364,1
DA:365,4
DA:367,0
DA:370,1
DA:372,1
DA:373,1
DA:380,4
DA:381,1
DA:382,1
DA:383,1
DA:384,3
DA:386,1
DA:390,4
DA:394,2
DA:395,3
DA:402,1
DA:403,1
DA:404,1
DA:406,1
DA:407,2
DA:409,2
DA:410,1
DA:414,3
DA:415,1
DA:416,3
DA:417,1
DA:418,1
DA:419,1
DA:420,1
DA:422,1
DA:423,2
DA:425,1
DA:427,0
DA:430,0
DA:435,3
DA:436,3
DA:437,1
DA:438,1
DA:439,1
DA:440,1
DA:441,1
DA:444,1
DA:453,0
DA:459,1
DA:460,1
DA:461,1
DA:463,1
DA:465,2
DA:466,1
DA:467,1
DA:468,2
DA:470,2
DA:471,0
DA:473,0
DA:475,0
DA:476,0
DA:477,0
DA:479,0
DA:480,0
DA:481,0
DA:484,0
DA:487,0
DA:491,0
DA:492,0
DA:493,0
DA:496,0
DA:503,0
DA:507,1
DA:516,1
DA:517,5
LF:142
LH:114
end_of_record
SF:./packages/tv/lib\tv.dart
DA:4,2
LF:1
LH:1
end_of_record
SF:./packages/tv/lib\presentation\pages\top_rated_tvs_page.dart
DA:9,1
DA:11,1
DA:12,1
DA:16,1
DA:18,1
DA:19,2
DA:20,1
DA:21,4
DA:26,1
DA:28,1
DA:29,2
DA:30,1
DA:32,1
DA:33,1
DA:34,1
DA:35,2
DA:36,1
DA:37,1
DA:38,1
DA:39,2
DA:40,1
DA:42,2
DA:44,1
DA:45,1
DA:46,1
DA:47,2
DA:50,0
LF:27
LH:26
end_of_record
SF:./packages/watchlist/lib\data\datasources\watchlist_local_data_source.dart
DA:15,1
DA:17,1
DA:20,3
DA:23,2
DA:27,1
DA:30,2
DA:33,2
DA:37,1
DA:39,2
DA:41,1
DA:47,1
DA:49,2
DA:50,4
LF:13
LH:13
end_of_record
SF:./packages/watchlist/lib\data\models\watchlist_table.dart
DA:11,1
DA:19,0
DA:20,0
DA:21,0
DA:22,0
DA:23,0
DA:24,0
DA:27,2
DA:28,1
DA:29,1
DA:30,1
DA:31,1
DA:32,1
DA:35,2
DA:36,1
DA:37,1
DA:38,1
DA:39,1
DA:40,1
DA:43,0
DA:44,0
DA:45,0
DA:46,0
DA:47,0
DA:48,0
DA:51,1
DA:52,6
LF:27
LH:15
end_of_record
SF:./packages/watchlist/lib\domain\usecases\get_watchlist_items.dart
DA:9,1
DA:11,1
DA:12,2
LF:3
LH:3
end_of_record
SF:./packages/watchlist/lib\domain\usecases\get_watchlist_status.dart
DA:6,1
DA:8,1
DA:9,2
LF:3
LH:3
end_of_record
SF:./packages/watchlist/lib\domain\usecases\remove_watchlist.dart
DA:8,1
DA:10,1
DA:11,2
LF:3
LH:3
end_of_record
SF:./packages/watchlist/lib\domain\usecases\save_watchlist.dart
DA:9,1
DA:11,1
DA:12,2
LF:3
LH:3
end_of_record
SF:./packages/watchlist/lib\presentation\provider\watchlist_notifier.dart
DA:18,1
DA:26,2
DA:29,2
DA:32,2
DA:35,2
DA:37,1
DA:38,1
DA:39,1
DA:41,2
DA:42,1
DA:43,1
DA:44,1
DA:45,2
DA:46,1
DA:48,1
DA:49,1
DA:50,1
DA:51,1
DA:57,2
DA:59,1
DA:60,2
DA:62,1
DA:63,1
DA:64,2
DA:66,1
DA:67,1
DA:71,3
DA:74,1
DA:75,2
DA:77,1
DA:78,1
DA:79,2
DA:81,1
DA:82,1
DA:86,1
DA:89,1
DA:90,2
DA:91,1
DA:92,1
LF:39
LH:39
end_of_record
SF:./packages/watchlist/lib\watchlist.dart
DA:4,2
LF:1
LH:1
end_of_record
